<?xml version="1.0" encoding="UTF-8"?>
<!-- Generated by org.testng.reporters.JUnitReportReporter -->
<testsuite skipped="0" hostname="DRN" name="NewTest" tests="1" failures="0" timestamp="08 Mar 2018 12:22:18 GMT" time="5.360" errors="0">
  <testcase name="f" time="5.360" classname="NewTest"/>
</testsuite> <!-- NewTest -->
