<?xml version="1.0" encoding="UTF-8"?>
<!-- Generated by org.testng.reporters.JUnitReportReporter -->
<testsuite skipped="0" hostname="DRN" name="testng.org.TestCase1" tests="1" failures="0" timestamp="01 Mar 2018 18:45:21 GMT" time="0.008" errors="0">
  <testcase name="loginTest" time="0.008" classname="testng.org.TestCase1"/>
</testsuite> <!-- testng.org.TestCase1 -->
