<?xml version="1.0" encoding="UTF-8"?>
<!-- Generated by org.testng.reporters.JUnitReportReporter -->
<testsuite skipped="0" hostname="DRN" name="listeners.NewTest" tests="1" failures="0" timestamp="09 Mar 2018 15:27:32 GMT" time="0.008" errors="0">
  <testcase name="f" time="0.008" classname="listeners.NewTest"/>
</testsuite> <!-- listeners.NewTest -->
