<?xml version="1.0" encoding="UTF-8"?>
<!-- Generated by org.testng.reporters.JUnitReportReporter -->
<testsuite skipped="0" hostname="DRN" name="command.org.HelloTesters" tests="1" failures="0" timestamp="01 Mar 2018 18:45:21 GMT" time="0.001" errors="0">
  <testcase name="test1" time="0.001" classname="command.org.HelloTesters"/>
</testsuite> <!-- command.org.HelloTesters -->
