<?xml version="1.0" encoding="UTF-8"?>
<!-- Generated by org.testng.reporters.JUnitReportReporter -->
<testsuite skipped="0" hostname="DRN" name="testscripts.Tlogin" tests="1" failures="0" timestamp="09 Mar 2018 15:15:44 GMT" time="59.076" errors="0">
  <testcase name="Leadtest" time="59.076" classname="testscripts.Tlogin"/>
</testsuite> <!-- testscripts.Tlogin -->
